\BOOKMARK [0][-]{bm:Title.0}{Title Page}{}% 1
\BOOKMARK [0][-]{bm:Title.0}{Title Page}{}% 2
\BOOKMARK [0][-]{bm:Abstract.0}{Abstract}{}% 3
\BOOKMARK [0][-]{section*.1}{Inhaltsverzeichnis}{}% 4
\BOOKMARK [0][-]{section*.3}{Abbildungsverzeichnis}{}% 5
\BOOKMARK [0][-]{chapter.1}{1 Einleitung}{}% 6
\BOOKMARK [1][-]{section.1.1}{1.1 Allgemeines}{chapter.1}% 7
\BOOKMARK [1][-]{section.1.2}{1.2 Umfeld}{chapter.1}% 8
\BOOKMARK [1][-]{section.1.3}{1.3 Prozessablauf}{chapter.1}% 9
\BOOKMARK [1][-]{section.1.4}{1.4 Aufgabenstellung}{chapter.1}% 10
\BOOKMARK [0][-]{chapter.2}{2 Methoden zur Absch\344tzung der maximalen Versorgungsl\344nge}{}% 11
\BOOKMARK [1][-]{section.2.1}{2.1 Modelle}{chapter.2}% 12
\BOOKMARK [2][-]{subsection.2.1.1}{2.1.1 Gesamtmodell-Input Netzwerkgraph}{section.2.1}% 13
\BOOKMARK [2][-]{subsection.2.1.2}{2.1.2 Normierte Geodaten}{section.2.1}% 14
\BOOKMARK [2][-]{subsection.2.1.3}{2.1.3 Cluster-Modell}{section.2.1}% 15
\BOOKMARK [2][-]{subsection.2.1.4}{2.1.4 Routing-Modell}{section.2.1}% 16
\BOOKMARK [1][-]{section.2.2}{2.2 Mathematisches Konzept}{chapter.2}% 17
\BOOKMARK [2][-]{subsection.2.2.1}{2.2.1 Baum}{section.2.2}% 18
\BOOKMARK [2][-]{subsection.2.2.2}{2.2.2 Steiner Baum}{section.2.2}% 19
\BOOKMARK [2][-]{subsection.2.2.3}{2.2.3 Vorabsch\344tzung \374ber MST Ansatz}{section.2.2}% 20
\BOOKMARK [2][-]{subsection.2.2.4}{2.2.4 Leaf Backward Algorithmus}{section.2.2}% 21
\BOOKMARK [2][-]{subsection.2.2.5}{2.2.5 Implementierungskonzept}{section.2.2}% 22
\BOOKMARK [2][-]{subsection.2.2.6}{2.2.6 Implementierung}{section.2.2}% 23
\BOOKMARK [0][-]{chapter.3}{3 Ergebnisse}{}% 24
\BOOKMARK [1][-]{section.3.1}{3.1 Auswertung der Resultate}{chapter.3}% 25
\BOOKMARK [1][-]{section.3.2}{3.2 Resultate Steiner Baum}{chapter.3}% 26
\BOOKMARK [1][-]{section.3.3}{3.3 Resultate MST}{chapter.3}% 27
\BOOKMARK [2][-]{subsection.3.3.1}{3.3.1 Statistische Auswertung der Resultate}{section.3.3}% 28
\BOOKMARK [0][-]{chapter.4}{4 Conclusio}{}% 29
\BOOKMARK [1][-]{section.4.1}{4.1 \040Zusammenfassung der Resultate}{chapter.4}% 30
\BOOKMARK [1][-]{section.4.2}{4.2 \040Interpretation der Ergebnisse}{chapter.4}% 31
\BOOKMARK [0][-]{section*.23}{Literaturverzeichnis}{}% 32
