\BOOKMARK [0][-]{bm:Title.0}{Title Page}{}% 1
\BOOKMARK [0][-]{bm:Copyright.0}{Copyright}{}% 2
\BOOKMARK [0][-]{bm:Abstract.0}{Abstract}{}% 3
\BOOKMARK [0][-]{section*.1}{Table of Contents}{}% 4
\BOOKMARK [0][-]{section*.3}{List of Figures}{}% 5
\BOOKMARK [0][-]{chapter.1}{1 Introduction}{}% 6
\BOOKMARK [1][-]{section.1.1}{1.1 General}{chapter.1}% 7
\BOOKMARK [1][-]{section.1.2}{1.2 Functionality}{chapter.1}% 8
\BOOKMARK [1][-]{section.1.3}{1.3 Problems}{chapter.1}% 9
\BOOKMARK [1][-]{section.1.4}{1.4 Objective}{chapter.1}% 10
\BOOKMARK [0][-]{chapter.2}{2 Software Design}{}% 11
\BOOKMARK [1][-]{section.2.1}{2.1 UML}{chapter.2}% 12
\BOOKMARK [1][-]{section.2.2}{2.2 Class Diagrams}{chapter.2}% 13
\BOOKMARK [1][-]{section.2.3}{2.3 Used software}{chapter.2}% 14
\BOOKMARK [1][-]{section.2.4}{2.4 Revision control}{chapter.2}% 15
\BOOKMARK [1][-]{section.2.5}{2.5 Used libraries}{chapter.2}% 16
\BOOKMARK [0][-]{chapter.3}{3 Implementation}{}% 17
\BOOKMARK [1][-]{section.3.1}{3.1 Module Design}{chapter.3}% 18
\BOOKMARK [1][-]{section.3.2}{3.2 Functional interaction}{chapter.3}% 19
\BOOKMARK [1][-]{section.3.3}{3.3 Caveats}{chapter.3}% 20
\BOOKMARK [0][-]{chapter.4}{4 Software tests}{}% 21
\BOOKMARK [0][-]{chapter.5}{5 Conclusion}{}% 22
\BOOKMARK [0][-]{appendix.A}{A Appendix}{}% 23
